Using pre-set license
Built from '6000.1/staging' branch; Version is '6000.1.1f1 (7197418f847b) revision 7444289'; Using compiler version '194234433'; Build Type 'Release'
OS: 'Windows 10  (10.0.19045) 64bit Professional' Language: 'en' Physical Memory: 32654 MB
BatchMode: 1, IsHumanControllingUs: 0, StartBugReporterOnCrash: 0, Is64bit: 1, IsPro: 1
Date: 2025-05-10T15:58:21Z

COMMAND LINE ARGUMENTS:
C:\Program Files\Unity\Hub\Editor\6000.1.1f1\Editor\Unity.exe
-adb2
-batchMode
-noUpm
-name
AssetImportWorker5
-projectPath
C:/Users/cabes/Survivor's Edge
-logFile
Logs/AssetImportWorker5.log
-srvPort
50703
-job-worker-count
7
-background-job-worker-count
8
-gc-helper-count
1
-name
AssetImport
Successfully changed project path to: C:/Users/cabes/Survivor's Edge
C:/Users/cabes/Survivor's Edge
[UnityMemory] Configuration Parameters - Can be set up in boot.config
    "memorysetup-allocator-temp-initial-block-size-main=262144"
    "memorysetup-allocator-temp-initial-block-size-worker=262144"
    "memorysetup-bucket-allocator-granularity=16"
    "memorysetup-bucket-allocator-bucket-count=8"
    "memorysetup-bucket-allocator-block-size=33554432"
    "memorysetup-bucket-allocator-block-count=8"
    "memorysetup-main-allocator-block-size=16777216"
    "memorysetup-thread-allocator-block-size=16777216"
    "memorysetup-gfx-main-allocator-block-size=16777216"
    "memorysetup-gfx-thread-allocator-block-size=16777216"
    "memorysetup-cache-allocator-block-size=4194304"
    "memorysetup-typetree-allocator-block-size=2097152"
    "memorysetup-profiler-bucket-allocator-granularity=16"
    "memorysetup-profiler-bucket-allocator-bucket-count=8"
    "memorysetup-profiler-bucket-allocator-block-size=33554432"
    "memorysetup-profiler-bucket-allocator-block-count=8"
    "memorysetup-profiler-allocator-block-size=16777216"
    "memorysetup-profiler-editor-allocator-block-size=1048576"
    "memorysetup-temp-allocator-size-main=16777216"
    "memorysetup-job-temp-allocator-block-size=2097152"
    "memorysetup-job-temp-allocator-block-size-background=1048576"
    "memorysetup-job-temp-allocator-reduction-small-platforms=262144"
    "memorysetup-temp-allocator-size-background-worker=32768"
    "memorysetup-temp-allocator-size-job-worker=262144"
    "memorysetup-temp-allocator-size-preload-manager=33554432"
    "memorysetup-temp-allocator-size-nav-mesh-worker=65536"
    "memorysetup-temp-allocator-size-audio-worker=65536"
    "memorysetup-temp-allocator-size-cloud-worker=32768"
    "memorysetup-temp-allocator-size-gi-baking-worker=262144"
    "memorysetup-temp-allocator-size-gi-baking-worker=262144"
    "memorysetup-temp-allocator-size-gi-baking-worker=262144"
    "memorysetup-temp-allocator-size-gi-baking-worker=262144"
    "memorysetup-temp-allocator-size-gi-baking-worker=262144"
    "memorysetup-temp-allocator-size-gfx=262144"
Player connection [13556]  Target information:

Player connection [13556]  * "[IP] 192.168.1.3 [Port] 0 [Flags] 2 [Guid] 3899382910 [EditorId] 3899382910 [Version] 1048832 [Id] WindowsEditor(7,DESKTOP-ITDMNLI) [Debug] 1 [PackageName] WindowsEditor [ProjectName] Editor" 

Player connection [13556] Host joined multi-casting on [225.0.0.222:54997]...
Player connection [13556] Host joined alternative multi-casting on [225.0.0.222:34997]...
JobSystem: Creating JobQueue using job-worker-count value 7
Input System module state changed to: Initialized.
[Physics::Module] Initialized fallback backend.
[Physics::Module] Id: 0xdecafbad
Library Redirect Path: Library/
[Physics::Module] Selected backend.
[Physics::Module] Name: PhysX
[Physics::Module] Id: 0xf2b8ea05
[Physics::Module] SDK Version: 4.1.2
[Physics::Module] Integration Version: 1.0.0
[Physics::Module] Threading Mode: Multi-Threaded
Refreshing native plugins compatible for Editor in 2.35 ms, found 3 plugins.
Preloading 0 native plugins for Editor in 0.00 ms.
Initialize engine version: 6000.1.1f1 (7197418f847b)
[Subsystems] Discovering subsystems at path C:/Program Files/Unity/Hub/Editor/6000.1.1f1/Editor/Data/Resources/UnitySubsystems
[Subsystems] Discovering subsystems at path C:/Users/cabes/Survivor's Edge/Assets
GfxDevice: creating device client; kGfxThreadingModeNonThreaded
Direct3D:
    Version:         Direct3D 12 [level 12.1]
    Renderer:        NVIDIA GeForce RTX 3060 Ti (ID=0x2489)
    Vendor:          NVIDIA
    VRAM:            8024 MB
    App VRAM Budget: 7256 MB
    Driver:          32.0.15.7283
Initialize mono
Mono path[0] = 'C:/Program Files/Unity/Hub/Editor/6000.1.1f1/Editor/Data/Managed'
Mono path[1] = 'C:/Program Files/Unity/Hub/Editor/6000.1.1f1/Editor/Data/MonoBleedingEdge/lib/mono/unityjit-win32'
Mono config path = 'C:/Program Files/Unity/Hub/Editor/6000.1.1f1/Editor/Data/MonoBleedingEdge/etc'
Using monoOptions --debugger-agent=transport=dt_socket,embedding=1,server=y,suspend=n,address=127.0.0.1:56700
Begin MonoManager ReloadAssembly
Registering precompiled unity dll's ...
Register platform support module: C:/Program Files/Unity/Hub/Editor/6000.1.1f1/Editor/Data/PlaybackEngines/WebGLSupport/UnityEditor.WebGL.Extensions.dll
Register platform support module: C:/Program Files/Unity/Hub/Editor/6000.1.1f1/Editor/Data/PlaybackEngines/WindowsStandaloneSupport/UnityEditor.WindowsStandalone.Extensions.dll
Registered in 0.002823 seconds.
- Loaded All Assemblies, in  0.335 seconds
Native extension for WindowsStandalone target not found
Native extension for WebGL target not found
Mono: successfully reloaded assembly
- Finished resetting the current domain, in  0.277 seconds
Domain Reload Profiling: 609ms
	BeginReloadAssembly (112ms)
		ExecutionOrderSort (0ms)
		DisableScriptedObjects (0ms)
		BackupInstance (0ms)
		ReleaseScriptingObjects (0ms)
		CreateAndSetChildDomain (1ms)
	RebuildCommonClasses (31ms)
	RebuildNativeTypeToScriptingClass (9ms)
	initialDomainReloadingComplete (45ms)
	LoadAllAssembliesAndSetupDomain (134ms)
		LoadAssemblies (109ms)
		RebuildTransferFunctionScriptingTraits (0ms)
		AnalyzeDomain (131ms)
			TypeCache.Refresh (130ms)
				TypeCache.ScanAssembly (119ms)
			BuildScriptInfoCaches (0ms)
			ResolveRequiredComponents (0ms)
	FinalizeReload (277ms)
		ReleaseScriptCaches (0ms)
		RebuildScriptCaches (0ms)
		SetupLoadedEditorAssemblies (237ms)
			LogAssemblyErrors (0ms)
			InitializePlatformSupportModulesInManaged (50ms)
			SetLoadedEditorAssemblies (3ms)
			BeforeProcessingInitializeOnLoad (45ms)
			ProcessInitializeOnLoadAttributes (96ms)
			ProcessInitializeOnLoadMethodAttributes (42ms)
			AfterProcessingInitializeOnLoad (0ms)
			EditorAssembliesLoaded (0ms)
		ExecutionOrderSort2 (0ms)
		AwakeInstancesAfterBackupRestoration (0ms)
========================================================================
Worker process is ready to serve import requests
Import Worker Mode flag is 0x00
Begin MonoManager ReloadAssembly
- Loaded All Assemblies, in  0.656 seconds
Refreshing native plugins compatible for Editor in 1.05 ms, found 3 plugins.
Native extension for WindowsStandalone target not found
Native extension for WebGL target not found
Mono: successfully reloaded assembly
- Finished resetting the current domain, in  0.649 seconds
Domain Reload Profiling: 1298ms
	BeginReloadAssembly (153ms)
		ExecutionOrderSort (0ms)
		DisableScriptedObjects (6ms)
		BackupInstance (0ms)
		ReleaseScriptingObjects (0ms)
		CreateAndSetChildDomain (30ms)
	RebuildCommonClasses (29ms)
	RebuildNativeTypeToScriptingClass (9ms)
	initialDomainReloadingComplete (36ms)
	LoadAllAssembliesAndSetupDomain (422ms)
		LoadAssemblies (317ms)
		RebuildTransferFunctionScriptingTraits (0ms)
		AnalyzeDomain (189ms)
			TypeCache.Refresh (140ms)
				TypeCache.ScanAssembly (127ms)
			BuildScriptInfoCaches (38ms)
			ResolveRequiredComponents (9ms)
	FinalizeReload (649ms)
		ReleaseScriptCaches (0ms)
		RebuildScriptCaches (0ms)
		SetupLoadedEditorAssemblies (497ms)
			LogAssemblyErrors (0ms)
			InitializePlatformSupportModulesInManaged (2ms)
			SetLoadedEditorAssemblies (3ms)
			BeforeProcessingInitializeOnLoad (108ms)
			ProcessInitializeOnLoadAttributes (335ms)
			ProcessInitializeOnLoadMethodAttributes (41ms)
			AfterProcessingInitializeOnLoad (8ms)
			EditorAssembliesLoaded (0ms)
		ExecutionOrderSort2 (0ms)
		AwakeInstancesAfterBackupRestoration (5ms)
WARNING: Shader Unsupported: 'Hidden/Builtin_TerrainVisualization' - All subshaders removed
WARNING: Shader Did you use #pragma only_renderers and omit this platform?
WARNING: Shader If subshaders removal was intentional, you may have forgotten turning Fallback off?
WARNING: Shader Unsupported: 'Hidden/Builtin_TerrainVisualization' - All subshaders removed
WARNING: Shader Did you use #pragma only_renderers and omit this platform?
WARNING: Shader If subshaders removal was intentional, you may have forgotten turning Fallback off?
Launched and connected shader compiler UnityShaderCompiler.exe after 0.01 seconds
Refreshing native plugins compatible for Editor in 1.13 ms, found 3 plugins.
Preloading 0 native plugins for Editor in 0.00 ms.
Unloading 264 Unused Serialized files (Serialized files now loaded: 0)
Unloading 6129 unused Assets / (5.6 MB). Loaded Objects now: 6881.
Memory consumption went from 182.3 MB to 176.7 MB.
Total: 8.296000 ms (FindLiveObjects: 0.657100 ms CreateObjectMapping: 0.852200 ms MarkObjects: 4.454100 ms  DeleteObjects: 2.331700 ms)

========================================================================
Received Import Request.
  Time since last request: 3242.005167 seconds.
  path: Assets/Palmov Island/Low Poly Houses Free Pack/Prefabs/Houses/city hall.prefab
  artifactKey: Guid(1f78462b7ad62fa4f908eb83bc912b62) Importer(815301076,1909f56bfc062723c751e8b465ee728b)
Start importing Assets/Palmov Island/Low Poly Houses Free Pack/Prefabs/Houses/city hall.prefab using Guid(1f78462b7ad62fa4f908eb83bc912b62) Importer(815301076,1909f56bfc062723c751e8b465ee728b) (PreviewImporter) -> (artifact id: '9f5f7304f931b87ab206d373111b5b23') in 0.5076102 seconds
Number of updated asset objects reloaded before import = 0Number of asset objects unloaded after import = 10

========================================================================
Received Import Request.
  Time since last request: 144.851552 seconds.
  path: Assets/Palmov Island/Low Poly Houses Free Pack/Prefabs/Roads/paved road pedestrian crossing.prefab
  artifactKey: Guid(c57cb2817634b4b47b52b7e579d0257c) Importer(815301076,1909f56bfc062723c751e8b465ee728b)
Start importing Assets/Palmov Island/Low Poly Houses Free Pack/Prefabs/Roads/paved road pedestrian crossing.prefab using Guid(c57cb2817634b4b47b52b7e579d0257c) Importer(815301076,1909f56bfc062723c751e8b465ee728b) (PreviewImporter) -> (artifact id: 'd30ff6814f743f7551a29beb37e542de') in 0.0260255 seconds
Number of updated asset objects reloaded before import = 0Number of asset objects unloaded after import = 10

========================================================================
Received Import Request.
  Time since last request: 0.000024 seconds.
  path: Assets/Palmov Island/Low Poly Houses Free Pack/Prefabs/Roads/paved road turn.prefab
  artifactKey: Guid(16b3fc1d629b9124fba4d27f9069f010) Importer(815301076,1909f56bfc062723c751e8b465ee728b)
Start importing Assets/Palmov Island/Low Poly Houses Free Pack/Prefabs/Roads/paved road turn.prefab using Guid(16b3fc1d629b9124fba4d27f9069f010) Importer(815301076,1909f56bfc062723c751e8b465ee728b) (PreviewImporter) -> (artifact id: 'e5ec0c43c71b8e4429c339c15e50f56d') in 0.0199875 seconds
Number of updated asset objects reloaded before import = 0Number of asset objects unloaded after import = 10

========================================================================
Received Import Request.
  Time since last request: 4.456641 seconds.
  path: Assets/Palmov Island/Low Poly Houses Free Pack/Prefabs/Grounds/asphalt ground small.prefab
  artifactKey: Guid(ff02a6d5a2326d44d864687da6e31719) Importer(815301076,1909f56bfc062723c751e8b465ee728b)
Start importing Assets/Palmov Island/Low Poly Houses Free Pack/Prefabs/Grounds/asphalt ground small.prefab using Guid(ff02a6d5a2326d44d864687da6e31719) Importer(815301076,1909f56bfc062723c751e8b465ee728b) (PreviewImporter) -> (artifact id: '3645a4528f1c13d1f648c4e51a0c7400') in 0.0213335 seconds
Number of updated asset objects reloaded before import = 0Number of asset objects unloaded after import = 10

========================================================================
Received Import Request.
  Time since last request: 0.000024 seconds.
  path: Assets/Palmov Island/Low Poly Houses Free Pack/Prefabs/Grounds/asphalt ground wide side turn.prefab
  artifactKey: Guid(76936ea7ba69fb74796f558756bf1b4f) Importer(815301076,1909f56bfc062723c751e8b465ee728b)
Start importing Assets/Palmov Island/Low Poly Houses Free Pack/Prefabs/Grounds/asphalt ground wide side turn.prefab using Guid(76936ea7ba69fb74796f558756bf1b4f) Importer(815301076,1909f56bfc062723c751e8b465ee728b) (PreviewImporter) -> (artifact id: '239df26096a2a43b9566a01bab8e2257') in 0.0217789 seconds
Number of updated asset objects reloaded before import = 0Number of asset objects unloaded after import = 10

========================================================================
Received Import Request.
  Time since last request: 0.000031 seconds.
  path: Assets/Palmov Island/Low Poly Houses Free Pack/Prefabs/Grounds/asphalt ground small wide.prefab
  artifactKey: Guid(b589e29b0b71d16479ab63cfe065fea8) Importer(815301076,1909f56bfc062723c751e8b465ee728b)
Start importing Assets/Palmov Island/Low Poly Houses Free Pack/Prefabs/Grounds/asphalt ground small wide.prefab using Guid(b589e29b0b71d16479ab63cfe065fea8) Importer(815301076,1909f56bfc062723c751e8b465ee728b) (PreviewImporter) -> (artifact id: 'fca724b07b2ea58073cffaad5a0c9546') in 0.0170229 seconds
Number of updated asset objects reloaded before import = 0Number of asset objects unloaded after import = 10

========================================================================
Received Import Request.
  Time since last request: 0.000020 seconds.
  path: Assets/Palmov Island/Low Poly Houses Free Pack/Prefabs/Grounds/tennis court brown.prefab
  artifactKey: Guid(24c3d9c10c97a2f439e392cdba3b3098) Importer(815301076,1909f56bfc062723c751e8b465ee728b)
Start importing Assets/Palmov Island/Low Poly Houses Free Pack/Prefabs/Grounds/tennis court brown.prefab using Guid(24c3d9c10c97a2f439e392cdba3b3098) Importer(815301076,1909f56bfc062723c751e8b465ee728b) (PreviewImporter) -> (artifact id: '04724ba1ee7c68a96a9f2d395ff01bcb') in 0.0188915 seconds
Number of updated asset objects reloaded before import = 0Number of asset objects unloaded after import = 10

========================================================================
Received Import Request.
  Time since last request: 7.274590 seconds.
  path: Assets/Palmov Island/Low Poly Houses Free Pack/Prefabs/Environment/box with bottles.prefab
  artifactKey: Guid(87b365e5fc281404a8b2cb1011e450c1) Importer(815301076,1909f56bfc062723c751e8b465ee728b)
Start importing Assets/Palmov Island/Low Poly Houses Free Pack/Prefabs/Environment/box with bottles.prefab using Guid(87b365e5fc281404a8b2cb1011e450c1) Importer(815301076,1909f56bfc062723c751e8b465ee728b) (PreviewImporter) -> (artifact id: '167762351e9f83f32715051d417927b2') in 0.0294333 seconds
Number of updated asset objects reloaded before import = 0Number of asset objects unloaded after import = 10

========================================================================
Received Import Request.
  Time since last request: 0.000023 seconds.
  path: Assets/Palmov Island/Low Poly Houses Free Pack/Prefabs/Environment/table.prefab
  artifactKey: Guid(53a63332f91d2e84181ed13474aa44fc) Importer(815301076,1909f56bfc062723c751e8b465ee728b)
Start importing Assets/Palmov Island/Low Poly Houses Free Pack/Prefabs/Environment/table.prefab using Guid(53a63332f91d2e84181ed13474aa44fc) Importer(815301076,1909f56bfc062723c751e8b465ee728b) (PreviewImporter) -> (artifact id: '9687b1e60353eec28ae281c01592f67e') in 0.0240181 seconds
Number of updated asset objects reloaded before import = 0Number of asset objects unloaded after import = 10

========================================================================
Received Import Request.
  Time since last request: 0.000025 seconds.
  path: Assets/Palmov Island/Low Poly Houses Free Pack/Prefabs/Environment/fountain.prefab
  artifactKey: Guid(317e58f5088ea454298373fbb8bb4146) Importer(815301076,1909f56bfc062723c751e8b465ee728b)
Start importing Assets/Palmov Island/Low Poly Houses Free Pack/Prefabs/Environment/fountain.prefab using Guid(317e58f5088ea454298373fbb8bb4146) Importer(815301076,1909f56bfc062723c751e8b465ee728b) (PreviewImporter) -> (artifact id: 'd1ecc0b5fe71bd96cc9f9b10d013fe1f') in 0.0357143 seconds
Number of updated asset objects reloaded before import = 0Number of asset objects unloaded after import = 10

========================================================================
Received Import Request.
  Time since last request: 0.000032 seconds.
  path: Assets/Palmov Island/Low Poly Houses Free Pack/Prefabs/Environment/dog house.prefab
  artifactKey: Guid(313563e8d171aa34fbd0d884f959d318) Importer(815301076,1909f56bfc062723c751e8b465ee728b)
Start importing Assets/Palmov Island/Low Poly Houses Free Pack/Prefabs/Environment/dog house.prefab using Guid(313563e8d171aa34fbd0d884f959d318) Importer(815301076,1909f56bfc062723c751e8b465ee728b) (PreviewImporter) -> (artifact id: 'fb297bee052756cf5807b4e2c563f736') in 0.0177825 seconds
Number of updated asset objects reloaded before import = 0Number of asset objects unloaded after import = 10

========================================================================
Received Import Request.
  Time since last request: 19.341078 seconds.
  path: Assets/Palmov Island/Low Poly Houses Free Pack/Prefabs/Houses with environment/catholic temple with environment.prefab
  artifactKey: Guid(a036e5d547ef071409b172154b01318d) Importer(815301076,1909f56bfc062723c751e8b465ee728b)
Start importing Assets/Palmov Island/Low Poly Houses Free Pack/Prefabs/Houses with environment/catholic temple with environment.prefab using Guid(a036e5d547ef071409b172154b01318d) Importer(815301076,1909f56bfc062723c751e8b465ee728b) (PreviewImporter) -> (artifact id: 'd0994594b9d723fae6530d6307292ac3') in 0.0267342 seconds
Number of updated asset objects reloaded before import = 0Number of asset objects unloaded after import = 129

========================================================================
Received Import Request.
  Time since last request: 0.000022 seconds.
  path: Assets/Palmov Island/Low Poly Houses Free Pack/Prefabs/Houses with environment/pizzeria house with environment.prefab
  artifactKey: Guid(b05c8138689f126458e7f69eff351511) Importer(815301076,1909f56bfc062723c751e8b465ee728b)
Start importing Assets/Palmov Island/Low Poly Houses Free Pack/Prefabs/Houses with environment/pizzeria house with environment.prefab using Guid(b05c8138689f126458e7f69eff351511) Importer(815301076,1909f56bfc062723c751e8b465ee728b) (PreviewImporter) -> (artifact id: '4e2f68500c8314d6ae9c30edf410fea7') in 0.0182224 seconds
Number of updated asset objects reloaded before import = 0Number of asset objects unloaded after import = 110

========================================================================
Received Import Request.
  Time since last request: 922.310753 seconds.
  path: Assets/Palmov Island/Low Poly Houses Free Pack/Prefabs/Plants/bush 2.prefab
  artifactKey: Guid(bd3beafafa4d79140971d27971731027) Importer(815301076,1909f56bfc062723c751e8b465ee728b)
Start importing Assets/Palmov Island/Low Poly Houses Free Pack/Prefabs/Plants/bush 2.prefab using Guid(bd3beafafa4d79140971d27971731027) Importer(815301076,1909f56bfc062723c751e8b465ee728b) (PreviewImporter) -> (artifact id: 'c0e4ffb779bc630c0886d3cc661ebfa7') in 0.0245321 seconds
Number of updated asset objects reloaded before import = 0Number of asset objects unloaded after import = 10

========================================================================
Received Import Request.
  Time since last request: 0.000027 seconds.
  path: Assets/Palmov Island/Low Poly Houses Free Pack/Prefabs/Plants/plants.prefab
  artifactKey: Guid(80ed026466f5d844da8dce37caefba85) Importer(815301076,1909f56bfc062723c751e8b465ee728b)
Start importing Assets/Palmov Island/Low Poly Houses Free Pack/Prefabs/Plants/plants.prefab using Guid(80ed026466f5d844da8dce37caefba85) Importer(815301076,1909f56bfc062723c751e8b465ee728b) (PreviewImporter) -> (artifact id: 'bf2b014df6aa3a18c2213631ac6267e3') in 0.0249779 seconds
Number of updated asset objects reloaded before import = 0Number of asset objects unloaded after import = 10

========================================================================
Received Import Request.
  Time since last request: 0.000029 seconds.
  path: Assets/Palmov Island/Low Poly Houses Free Pack/Prefabs/Plants/plants 2.prefab
  artifactKey: Guid(f2a9dda008c91584fb0e9dfb0dbb7ed3) Importer(815301076,1909f56bfc062723c751e8b465ee728b)
Start importing Assets/Palmov Island/Low Poly Houses Free Pack/Prefabs/Plants/plants 2.prefab using Guid(f2a9dda008c91584fb0e9dfb0dbb7ed3) Importer(815301076,1909f56bfc062723c751e8b465ee728b) (PreviewImporter) -> (artifact id: '433f1c0d81481c4902d658e7e217c8be') in 0.0234327 seconds
Number of updated asset objects reloaded before import = 0Number of asset objects unloaded after import = 10

========================================================================
Received Import Request.
  Time since last request: 6.270017 seconds.
  path: Assets/Palmov Island/Low Poly Houses Free Pack/Prefabs/Trees/fir tree 1.prefab
  artifactKey: Guid(8eaae8bd5d9e5b946aea12e489976bb4) Importer(815301076,1909f56bfc062723c751e8b465ee728b)
Start importing Assets/Palmov Island/Low Poly Houses Free Pack/Prefabs/Trees/fir tree 1.prefab using Guid(8eaae8bd5d9e5b946aea12e489976bb4) Importer(815301076,1909f56bfc062723c751e8b465ee728b) (PreviewImporter) -> (artifact id: 'befc433170fd77c0da403e8c7399be3b') in 0.0232741 seconds
Number of updated asset objects reloaded before import = 0Number of asset objects unloaded after import = 10

========================================================================
Received Import Request.
  Time since last request: 0.000021 seconds.
  path: Assets/Palmov Island/Low Poly Houses Free Pack/Prefabs/Trees/spruce border 1.prefab
  artifactKey: Guid(9e45a8e7000d5a04e8176950ec789df5) Importer(815301076,1909f56bfc062723c751e8b465ee728b)
Start importing Assets/Palmov Island/Low Poly Houses Free Pack/Prefabs/Trees/spruce border 1.prefab using Guid(9e45a8e7000d5a04e8176950ec789df5) Importer(815301076,1909f56bfc062723c751e8b465ee728b) (PreviewImporter) -> (artifact id: '3b872bea7ba220c3cd5f691882e448f3') in 0.0201618 seconds
Number of updated asset objects reloaded before import = 0Number of asset objects unloaded after import = 10

========================================================================
Received Import Request.
  Time since last request: 0.000022 seconds.
  path: Assets/Palmov Island/Low Poly Houses Free Pack/Prefabs/Trees/round tree.prefab
  artifactKey: Guid(36da48118d7b2ec48b60053be72cc5fd) Importer(815301076,1909f56bfc062723c751e8b465ee728b)
Start importing Assets/Palmov Island/Low Poly Houses Free Pack/Prefabs/Trees/round tree.prefab using Guid(36da48118d7b2ec48b60053be72cc5fd) Importer(815301076,1909f56bfc062723c751e8b465ee728b) (PreviewImporter) -> (artifact id: '54cfeb83668a03b4ce83fdbb84c7738a') in 0.0176225 seconds
Number of updated asset objects reloaded before import = 0Number of asset objects unloaded after import = 10

========================================================================
Received Import Request.
  Time since last request: 0.000024 seconds.
  path: Assets/Palmov Island/Low Poly Houses Free Pack/Prefabs/Trees/tree.prefab
  artifactKey: Guid(c0118078f34d6b34ea8d5afec2be7cff) Importer(815301076,1909f56bfc062723c751e8b465ee728b)
Start importing Assets/Palmov Island/Low Poly Houses Free Pack/Prefabs/Trees/tree.prefab using Guid(c0118078f34d6b34ea8d5afec2be7cff) Importer(815301076,1909f56bfc062723c751e8b465ee728b) (PreviewImporter) -> (artifact id: '02ba058c72a3a7c1ac35eb33354d8496') in 0.0183862 seconds
Number of updated asset objects reloaded before import = 0Number of asset objects unloaded after import = 10

========================================================================
Received Import Request.
  Time since last request: 0.000032 seconds.
  path: Assets/Palmov Island/Low Poly Houses Free Pack/Prefabs/Trees/spruce border 2.prefab
  artifactKey: Guid(4d94faf21b4e85d4ca57d39912518b9b) Importer(815301076,1909f56bfc062723c751e8b465ee728b)
Start importing Assets/Palmov Island/Low Poly Houses Free Pack/Prefabs/Trees/spruce border 2.prefab using Guid(4d94faf21b4e85d4ca57d39912518b9b) Importer(815301076,1909f56bfc062723c751e8b465ee728b) (PreviewImporter) -> (artifact id: '5e7253a76140066b6a651d633960ea12') in 0.0191334 seconds
Number of updated asset objects reloaded before import = 0Number of asset objects unloaded after import = 10

Editor requested this worker to shutdown with reason: Scaling down because of idle timeout
AssetImportWorker is now disconnected from the server
Process exiting
Exiting without the bug reporter. Application will terminate with return code 0