Using pre-set license
Built from '6000.1/staging' branch; Version is '6000.1.1f1 (7197418f847b) revision 7444289'; Using compiler version '194234433'; Build Type 'Release'
OS: 'Windows 10  (10.0.19045) 64bit Professional' Language: 'en' Physical Memory: 32654 MB
BatchMode: 1, IsHumanControllingUs: 0, StartBugReporterOnCrash: 0, Is64bit: 1, IsPro: 1
Date: 2025-05-10T15:53:56Z

COMMAND LINE ARGUMENTS:
C:\Program Files\Unity\Hub\Editor\6000.1.1f1\Editor\Unity.exe
-adb2
-batchMode
-noUpm
-name
AssetImportWorker0
-projectPath
C:/Users/cabes/Survivor's Edge
-logFile
Logs/AssetImportWorker0.log
-srvPort
50703
-job-worker-count
7
-background-job-worker-count
8
-gc-helper-count
1
-name
AssetImport
Successfully changed project path to: C:/Users/cabes/Survivor's Edge
C:/Users/cabes/Survivor's Edge
[UnityMemory] Configuration Parameters - Can be set up in boot.config
    "memorysetup-allocator-temp-initial-block-size-main=262144"
    "memorysetup-allocator-temp-initial-block-size-worker=262144"
    "memorysetup-bucket-allocator-granularity=16"
    "memorysetup-bucket-allocator-bucket-count=8"
    "memorysetup-bucket-allocator-block-size=33554432"
    "memorysetup-bucket-allocator-block-count=8"
    "memorysetup-main-allocator-block-size=16777216"
    "memorysetup-thread-allocator-block-size=16777216"
    "memorysetup-gfx-main-allocator-block-size=16777216"
    "memorysetup-gfx-thread-allocator-block-size=16777216"
    "memorysetup-cache-allocator-block-size=4194304"
    "memorysetup-typetree-allocator-block-size=2097152"
    "memorysetup-profiler-bucket-allocator-granularity=16"
    "memorysetup-profiler-bucket-allocator-bucket-count=8"
    "memorysetup-profiler-bucket-allocator-block-size=33554432"
    "memorysetup-profiler-bucket-allocator-block-count=8"
    "memorysetup-profiler-allocator-block-size=16777216"
    "memorysetup-profiler-editor-allocator-block-size=1048576"
    "memorysetup-temp-allocator-size-main=16777216"
    "memorysetup-job-temp-allocator-block-size=2097152"
    "memorysetup-job-temp-allocator-block-size-background=1048576"
    "memorysetup-job-temp-allocator-reduction-small-platforms=262144"
    "memorysetup-temp-allocator-size-background-worker=32768"
    "memorysetup-temp-allocator-size-job-worker=262144"
    "memorysetup-temp-allocator-size-preload-manager=33554432"
    "memorysetup-temp-allocator-size-nav-mesh-worker=65536"
    "memorysetup-temp-allocator-size-audio-worker=65536"
    "memorysetup-temp-allocator-size-cloud-worker=32768"
    "memorysetup-temp-allocator-size-gi-baking-worker=262144"
    "memorysetup-temp-allocator-size-gi-baking-worker=262144"
    "memorysetup-temp-allocator-size-gi-baking-worker=262144"
    "memorysetup-temp-allocator-size-gi-baking-worker=262144"
    "memorysetup-temp-allocator-size-gi-baking-worker=262144"
    "memorysetup-temp-allocator-size-gfx=262144"
Player connection [8276]  Target information:

Player connection [8276]  * "[IP] 192.168.1.3 [Port] 0 [Flags] 2 [Guid] 1740392826 [EditorId] 1740392826 [Version] 1048832 [Id] WindowsEditor(7,DESKTOP-ITDMNLI) [Debug] 1 [PackageName] WindowsEditor [ProjectName] Editor" 

Player connection [8276] Host joined multi-casting on [225.0.0.222:54997]...
Player connection [8276] Host joined alternative multi-casting on [225.0.0.222:34997]...
JobSystem: Creating JobQueue using job-worker-count value 7
Input System module state changed to: Initialized.
[Physics::Module] Initialized fallback backend.
[Physics::Module] Id: 0xdecafbad
Library Redirect Path: Library/
[Physics::Module] Selected backend.
[Physics::Module] Name: PhysX
[Physics::Module] Id: 0xf2b8ea05
[Physics::Module] SDK Version: 4.1.2
[Physics::Module] Integration Version: 1.0.0
[Physics::Module] Threading Mode: Multi-Threaded
Refreshing native plugins compatible for Editor in 2.25 ms, found 3 plugins.
Preloading 0 native plugins for Editor in 0.00 ms.
Initialize engine version: 6000.1.1f1 (7197418f847b)
[Subsystems] Discovering subsystems at path C:/Program Files/Unity/Hub/Editor/6000.1.1f1/Editor/Data/Resources/UnitySubsystems
[Subsystems] Discovering subsystems at path C:/Users/cabes/Survivor's Edge/Assets
GfxDevice: creating device client; kGfxThreadingModeNonThreaded
Direct3D:
    Version:         Direct3D 12 [level 12.1]
    Renderer:        NVIDIA GeForce RTX 3060 Ti (ID=0x2489)
    Vendor:          NVIDIA
    VRAM:            8024 MB
    App VRAM Budget: 7256 MB
    Driver:          32.0.15.7283
Initialize mono
Mono path[0] = 'C:/Program Files/Unity/Hub/Editor/6000.1.1f1/Editor/Data/Managed'
Mono path[1] = 'C:/Program Files/Unity/Hub/Editor/6000.1.1f1/Editor/Data/MonoBleedingEdge/lib/mono/unityjit-win32'
Mono config path = 'C:/Program Files/Unity/Hub/Editor/6000.1.1f1/Editor/Data/MonoBleedingEdge/etc'
Using monoOptions --debugger-agent=transport=dt_socket,embedding=1,server=y,suspend=n,address=127.0.0.1:56828
Begin MonoManager ReloadAssembly
Registering precompiled unity dll's ...
Register platform support module: C:/Program Files/Unity/Hub/Editor/6000.1.1f1/Editor/Data/PlaybackEngines/WebGLSupport/UnityEditor.WebGL.Extensions.dll
Register platform support module: C:/Program Files/Unity/Hub/Editor/6000.1.1f1/Editor/Data/PlaybackEngines/WindowsStandaloneSupport/UnityEditor.WindowsStandalone.Extensions.dll
Registered in 0.002890 seconds.
- Loaded All Assemblies, in  0.340 seconds
Native extension for WindowsStandalone target not found
Native extension for WebGL target not found
Mono: successfully reloaded assembly
- Finished resetting the current domain, in  0.279 seconds
Domain Reload Profiling: 616ms
	BeginReloadAssembly (112ms)
		ExecutionOrderSort (0ms)
		DisableScriptedObjects (0ms)
		BackupInstance (0ms)
		ReleaseScriptingObjects (0ms)
		CreateAndSetChildDomain (1ms)
	RebuildCommonClasses (32ms)
	RebuildNativeTypeToScriptingClass (10ms)
	initialDomainReloadingComplete (47ms)
	LoadAllAssembliesAndSetupDomain (136ms)
		LoadAssemblies (109ms)
		RebuildTransferFunctionScriptingTraits (0ms)
		AnalyzeDomain (133ms)
			TypeCache.Refresh (132ms)
				TypeCache.ScanAssembly (121ms)
			BuildScriptInfoCaches (0ms)
			ResolveRequiredComponents (0ms)
	FinalizeReload (279ms)
		ReleaseScriptCaches (0ms)
		RebuildScriptCaches (0ms)
		SetupLoadedEditorAssemblies (250ms)
			LogAssemblyErrors (0ms)
			InitializePlatformSupportModulesInManaged (50ms)
			SetLoadedEditorAssemblies (3ms)
			BeforeProcessingInitializeOnLoad (48ms)
			ProcessInitializeOnLoadAttributes (103ms)
			ProcessInitializeOnLoadMethodAttributes (45ms)
			AfterProcessingInitializeOnLoad (0ms)
			EditorAssembliesLoaded (0ms)
		ExecutionOrderSort2 (0ms)
		AwakeInstancesAfterBackupRestoration (0ms)
========================================================================
Worker process is ready to serve import requests
Import Worker Mode flag is 0x00
Begin MonoManager ReloadAssembly
- Loaded All Assemblies, in  0.687 seconds
Refreshing native plugins compatible for Editor in 1.07 ms, found 3 plugins.
Native extension for WindowsStandalone target not found
Native extension for WebGL target not found
Mono: successfully reloaded assembly
- Finished resetting the current domain, in  0.668 seconds
Domain Reload Profiling: 1349ms
	BeginReloadAssembly (161ms)
		ExecutionOrderSort (0ms)
		DisableScriptedObjects (6ms)
		BackupInstance (0ms)
		ReleaseScriptingObjects (0ms)
		CreateAndSetChildDomain (30ms)
	RebuildCommonClasses (31ms)
	RebuildNativeTypeToScriptingClass (9ms)
	initialDomainReloadingComplete (38ms)
	LoadAllAssembliesAndSetupDomain (441ms)
		LoadAssemblies (339ms)
		RebuildTransferFunctionScriptingTraits (0ms)
		AnalyzeDomain (197ms)
			TypeCache.Refresh (147ms)
				TypeCache.ScanAssembly (133ms)
			BuildScriptInfoCaches (39ms)
			ResolveRequiredComponents (9ms)
	FinalizeReload (669ms)
		ReleaseScriptCaches (0ms)
		RebuildScriptCaches (0ms)
		SetupLoadedEditorAssemblies (515ms)
			LogAssemblyErrors (0ms)
			InitializePlatformSupportModulesInManaged (2ms)
			SetLoadedEditorAssemblies (3ms)
			BeforeProcessingInitializeOnLoad (112ms)
			ProcessInitializeOnLoadAttributes (346ms)
			ProcessInitializeOnLoadMethodAttributes (44ms)
			AfterProcessingInitializeOnLoad (8ms)
			EditorAssembliesLoaded (0ms)
		ExecutionOrderSort2 (0ms)
		AwakeInstancesAfterBackupRestoration (5ms)
WARNING: Shader Unsupported: 'Hidden/Builtin_TerrainVisualization' - All subshaders removed
WARNING: Shader Did you use #pragma only_renderers and omit this platform?
WARNING: Shader If subshaders removal was intentional, you may have forgotten turning Fallback off?
WARNING: Shader Unsupported: 'Hidden/Builtin_TerrainVisualization' - All subshaders removed
WARNING: Shader Did you use #pragma only_renderers and omit this platform?
WARNING: Shader If subshaders removal was intentional, you may have forgotten turning Fallback off?
Launched and connected shader compiler UnityShaderCompiler.exe after 0.01 seconds
Refreshing native plugins compatible for Editor in 1.10 ms, found 3 plugins.
Preloading 0 native plugins for Editor in 0.00 ms.
Unloading 264 Unused Serialized files (Serialized files now loaded: 0)
Unloading 6129 unused Assets / (6.2 MB). Loaded Objects now: 6881.
Memory consumption went from 181.9 MB to 175.7 MB.
Total: 12.057000 ms (FindLiveObjects: 0.715300 ms CreateObjectMapping: 0.838300 ms MarkObjects: 6.507100 ms  DeleteObjects: 3.995400 ms)

========================================================================
Received Import Request.
  Time since last request: 2967.842970 seconds.
  path: Assets/Palmov Island/Low Poly Environment Park/Prefabs/Grass/grass 3.prefab
  artifactKey: Guid(967e41698de928e4c80fc36cc7741738) Importer(815301076,1909f56bfc062723c751e8b465ee728b)
Start importing Assets/Palmov Island/Low Poly Environment Park/Prefabs/Grass/grass 3.prefab using Guid(967e41698de928e4c80fc36cc7741738) Importer(815301076,1909f56bfc062723c751e8b465ee728b) (PreviewImporter) -> (artifact id: '438cfb34c668d7aa72e33d860b0627c6') in 0.4541759 seconds
Number of updated asset objects reloaded before import = 0Number of asset objects unloaded after import = 10

========================================================================
Received Import Request.
  Time since last request: 0.000028 seconds.
  path: Assets/Palmov Island/Low Poly Environment Park/Prefabs/Grass/grass 2.prefab
  artifactKey: Guid(d08851aeacbadfa42a2b661f2170de25) Importer(815301076,1909f56bfc062723c751e8b465ee728b)
Start importing Assets/Palmov Island/Low Poly Environment Park/Prefabs/Grass/grass 2.prefab using Guid(d08851aeacbadfa42a2b661f2170de25) Importer(815301076,1909f56bfc062723c751e8b465ee728b) (PreviewImporter) -> (artifact id: '75541a1c1722660e7d63f18daf0ffb84') in 0.0274534 seconds
Number of updated asset objects reloaded before import = 0Number of asset objects unloaded after import = 10

========================================================================
Received Import Request.
  Time since last request: 9.364801 seconds.
  path: Assets/Palmov Island/Low Poly Environment Park/Prefabs/Stones/stone 1.prefab
  artifactKey: Guid(e279d3b56060181478049ff4e3cadcff) Importer(815301076,1909f56bfc062723c751e8b465ee728b)
Start importing Assets/Palmov Island/Low Poly Environment Park/Prefabs/Stones/stone 1.prefab using Guid(e279d3b56060181478049ff4e3cadcff) Importer(815301076,1909f56bfc062723c751e8b465ee728b) (PreviewImporter) -> (artifact id: '84be98b2e39a584f57d7200ca4a38691') in 0.0219002 seconds
Number of updated asset objects reloaded before import = 0Number of asset objects unloaded after import = 10

========================================================================
Received Import Request.
  Time since last request: 0.000021 seconds.
  path: Assets/Palmov Island/Low Poly Environment Park/Prefabs/Stones/stone 5.prefab
  artifactKey: Guid(69648293260ae5248b46f692a97f8200) Importer(815301076,1909f56bfc062723c751e8b465ee728b)
Start importing Assets/Palmov Island/Low Poly Environment Park/Prefabs/Stones/stone 5.prefab using Guid(69648293260ae5248b46f692a97f8200) Importer(815301076,1909f56bfc062723c751e8b465ee728b) (PreviewImporter) -> (artifact id: '0c2d446d9e5207bdeff10efb3579508b') in 0.0261803 seconds
Number of updated asset objects reloaded before import = 0Number of asset objects unloaded after import = 10

========================================================================
Received Import Request.
  Time since last request: 0.000022 seconds.
  path: Assets/Palmov Island/Low Poly Environment Park/Prefabs/Stones/stone 4.prefab
  artifactKey: Guid(9c8a0db7064c30641af7bab34d4467e2) Importer(815301076,1909f56bfc062723c751e8b465ee728b)
Start importing Assets/Palmov Island/Low Poly Environment Park/Prefabs/Stones/stone 4.prefab using Guid(9c8a0db7064c30641af7bab34d4467e2) Importer(815301076,1909f56bfc062723c751e8b465ee728b) (PreviewImporter) -> (artifact id: '5b95bdd6bb538eb91ad612706fcd2fb1') in 0.0259156 seconds
Number of updated asset objects reloaded before import = 0Number of asset objects unloaded after import = 10

========================================================================
Received Import Request.
  Time since last request: 1.416788 seconds.
  path: Assets/Palmov Island/Low Poly Environment Park/Prefabs/Trees/birch tree.prefab
  artifactKey: Guid(378f11e9a1701b044b0ec82ba9740347) Importer(815301076,1909f56bfc062723c751e8b465ee728b)
Start importing Assets/Palmov Island/Low Poly Environment Park/Prefabs/Trees/birch tree.prefab using Guid(378f11e9a1701b044b0ec82ba9740347) Importer(815301076,1909f56bfc062723c751e8b465ee728b) (PreviewImporter) -> (artifact id: '63bd2ecd69216dac998d060b1dd184bd') in 0.0188666 seconds
Number of updated asset objects reloaded before import = 0Number of asset objects unloaded after import = 10

========================================================================
Received Import Request.
  Time since last request: 0.000026 seconds.
  path: Assets/Palmov Island/Low Poly Environment Park/Prefabs/Trees/little palm tree.prefab
  artifactKey: Guid(e01e2263452fa0d4c949f6a536e66d45) Importer(815301076,1909f56bfc062723c751e8b465ee728b)
Start importing Assets/Palmov Island/Low Poly Environment Park/Prefabs/Trees/little palm tree.prefab using Guid(e01e2263452fa0d4c949f6a536e66d45) Importer(815301076,1909f56bfc062723c751e8b465ee728b) (PreviewImporter) -> (artifact id: '0fe86fcb47ce1c47c19c799faeab4cac') in 0.0236829 seconds
Number of updated asset objects reloaded before import = 0Number of asset objects unloaded after import = 10

========================================================================
Received Import Request.
  Time since last request: 0.000047 seconds.
  path: Assets/Palmov Island/Low Poly Environment Park/Prefabs/Trees/spherical tree.prefab
  artifactKey: Guid(2d7058e6e51f33b40a88493480895edd) Importer(815301076,1909f56bfc062723c751e8b465ee728b)
Start importing Assets/Palmov Island/Low Poly Environment Park/Prefabs/Trees/spherical tree.prefab using Guid(2d7058e6e51f33b40a88493480895edd) Importer(815301076,1909f56bfc062723c751e8b465ee728b) (PreviewImporter) -> (artifact id: 'a4a2e597108f0e7d59e2b6ca34972fae') in 0.0257755 seconds
Number of updated asset objects reloaded before import = 0Number of asset objects unloaded after import = 10

========================================================================
Received Import Request.
  Time since last request: 0.000023 seconds.
  path: Assets/Palmov Island/Low Poly Environment Park/Prefabs/Trees/palm tree.prefab
  artifactKey: Guid(3c2d090bba185f54a9a981c8f7dc032e) Importer(815301076,1909f56bfc062723c751e8b465ee728b)
Start importing Assets/Palmov Island/Low Poly Environment Park/Prefabs/Trees/palm tree.prefab using Guid(3c2d090bba185f54a9a981c8f7dc032e) Importer(815301076,1909f56bfc062723c751e8b465ee728b) (PreviewImporter) -> (artifact id: '5cbca3d08221a334fe8d744739033ed8') in 0.021844 seconds
Number of updated asset objects reloaded before import = 0Number of asset objects unloaded after import = 10

========================================================================
Received Import Request.
  Time since last request: 0.000022 seconds.
  path: Assets/Palmov Island/Low Poly Environment Park/Prefabs/Trees/deciduous tree.prefab
  artifactKey: Guid(9129eef4470bd584d8675065420e67fe) Importer(815301076,1909f56bfc062723c751e8b465ee728b)
Start importing Assets/Palmov Island/Low Poly Environment Park/Prefabs/Trees/deciduous tree.prefab using Guid(9129eef4470bd584d8675065420e67fe) Importer(815301076,1909f56bfc062723c751e8b465ee728b) (PreviewImporter) -> (artifact id: 'a7934a8a7c1fb8c1474df4414c9a65b9') in 0.0196504 seconds
Number of updated asset objects reloaded before import = 0Number of asset objects unloaded after import = 10

========================================================================
Received Import Request.
  Time since last request: 0.000030 seconds.
  path: Assets/Palmov Island/Low Poly Environment Park/Prefabs/Trees/dry palm tree.prefab
  artifactKey: Guid(afe706e7fb34aa04aa74bdcd9b705929) Importer(815301076,1909f56bfc062723c751e8b465ee728b)
Start importing Assets/Palmov Island/Low Poly Environment Park/Prefabs/Trees/dry palm tree.prefab using Guid(afe706e7fb34aa04aa74bdcd9b705929) Importer(815301076,1909f56bfc062723c751e8b465ee728b) (PreviewImporter) -> (artifact id: 'd0d653950ca30beec51ba5c2f46cbcbb') in 0.0271532 seconds
Number of updated asset objects reloaded before import = 0Number of asset objects unloaded after import = 10

========================================================================
Received Import Request.
  Time since last request: 0.000038 seconds.
  path: Assets/Palmov Island/Low Poly Environment Park/Prefabs/Trees/tree swing.prefab
  artifactKey: Guid(20c219df061c967429db241b1ea3a026) Importer(815301076,1909f56bfc062723c751e8b465ee728b)
Start importing Assets/Palmov Island/Low Poly Environment Park/Prefabs/Trees/tree swing.prefab using Guid(20c219df061c967429db241b1ea3a026) Importer(815301076,1909f56bfc062723c751e8b465ee728b) (PreviewImporter) -> (artifact id: 'ae30b808990204a7745b8ba1ac534fd8') in 0.0260663 seconds
Number of updated asset objects reloaded before import = 0Number of asset objects unloaded after import = 10

========================================================================
Received Import Request.
  Time since last request: 242.336000 seconds.
  path: Assets/Palmov Island/Low Poly Houses Free Pack
  artifactKey: Guid(eb9fabb4085a6564eb00744a2e243c39) Importer(815301076,1909f56bfc062723c751e8b465ee728b)
Start importing Assets/Palmov Island/Low Poly Houses Free Pack using Guid(eb9fabb4085a6564eb00744a2e243c39) Importer(815301076,1909f56bfc062723c751e8b465ee728b) (PreviewImporter) -> (artifact id: 'c9d06f984ba13125c8d1434764287713') in 0.0004879 seconds
Number of updated asset objects reloaded before import = 0Number of asset objects unloaded after import = 0

========================================================================
Received Import Request.
  Time since last request: 0.614078 seconds.
  path: Assets/Palmov Island/Low Poly Houses Free Pack/Models
  artifactKey: Guid(c1b8a72e2bc64574ba9f6b3628dc1e25) Importer(815301076,1909f56bfc062723c751e8b465ee728b)
Start importing Assets/Palmov Island/Low Poly Houses Free Pack/Models using Guid(c1b8a72e2bc64574ba9f6b3628dc1e25) Importer(815301076,1909f56bfc062723c751e8b465ee728b) (PreviewImporter) -> (artifact id: '8792aa946428476139b019aa4a1bc33d') in 0.0004801 seconds
Number of updated asset objects reloaded before import = 0Number of asset objects unloaded after import = 0

========================================================================
Received Import Request.
  Time since last request: 3.689515 seconds.
  path: Assets/Palmov Island/Low Poly Houses Free Pack/Prefabs
  artifactKey: Guid(3c8b8f9805c3e234f8aac6b128f9ed95) Importer(815301076,1909f56bfc062723c751e8b465ee728b)
Start importing Assets/Palmov Island/Low Poly Houses Free Pack/Prefabs using Guid(3c8b8f9805c3e234f8aac6b128f9ed95) Importer(815301076,1909f56bfc062723c751e8b465ee728b) (PreviewImporter) -> (artifact id: '6e9e377e4c3699c078e7b5bf8794c94f') in 0.000499 seconds
Number of updated asset objects reloaded before import = 0Number of asset objects unloaded after import = 0

========================================================================
Received Import Request.
  Time since last request: 2.434392 seconds.
  path: Assets/Palmov Island/Low Poly Houses Free Pack/Prefabs/Houses
  artifactKey: Guid(958d0d86667c5ec47875d0ecd3215244) Importer(815301076,1909f56bfc062723c751e8b465ee728b)
Start importing Assets/Palmov Island/Low Poly Houses Free Pack/Prefabs/Houses using Guid(958d0d86667c5ec47875d0ecd3215244) Importer(815301076,1909f56bfc062723c751e8b465ee728b) (PreviewImporter) -> (artifact id: '02812dbb9a2fa615c94891286b64bc89') in 0.0004565 seconds
Number of updated asset objects reloaded before import = 0Number of asset objects unloaded after import = 0

========================================================================
Received Import Request.
  Time since last request: 0.000022 seconds.
  path: Assets/Palmov Island/Low Poly Houses Free Pack/Prefabs/Houses/big cottage 1 floor new.prefab
  artifactKey: Guid(b1175cc5bbb11b648af5926d9432b494) Importer(815301076,1909f56bfc062723c751e8b465ee728b)
Start importing Assets/Palmov Island/Low Poly Houses Free Pack/Prefabs/Houses/big cottage 1 floor new.prefab using Guid(b1175cc5bbb11b648af5926d9432b494) Importer(815301076,1909f56bfc062723c751e8b465ee728b) (PreviewImporter) -> (artifact id: 'cf0e07af83fbee623695aa08cd326a87') in 0.0283329 seconds
Number of updated asset objects reloaded before import = 0Number of asset objects unloaded after import = 10

========================================================================
Received Import Request.
  Time since last request: 0.000026 seconds.
  path: Assets/Palmov Island/Low Poly Houses Free Pack/Prefabs/Houses/pizzeria house.prefab
  artifactKey: Guid(479bbffbbcfc0da4fa61e237875fb540) Importer(815301076,1909f56bfc062723c751e8b465ee728b)
Start importing Assets/Palmov Island/Low Poly Houses Free Pack/Prefabs/Houses/pizzeria house.prefab using Guid(479bbffbbcfc0da4fa61e237875fb540) Importer(815301076,1909f56bfc062723c751e8b465ee728b) (PreviewImporter) -> (artifact id: '056a53621185fae9f92cab2c82d0fc80') in 0.0213057 seconds
Number of updated asset objects reloaded before import = 0Number of asset objects unloaded after import = 10

========================================================================
Received Import Request.
  Time since last request: 0.000021 seconds.
  path: Assets/Palmov Island/Low Poly Houses Free Pack/Prefabs/Houses/catholic temple.prefab
  artifactKey: Guid(19c601acdb238864c939af50dcbd314d) Importer(815301076,1909f56bfc062723c751e8b465ee728b)
Start importing Assets/Palmov Island/Low Poly Houses Free Pack/Prefabs/Houses/catholic temple.prefab using Guid(19c601acdb238864c939af50dcbd314d) Importer(815301076,1909f56bfc062723c751e8b465ee728b) (PreviewImporter) -> (artifact id: '59309d2d610e726a035594bda8cd4cf6') in 0.0178738 seconds
Number of updated asset objects reloaded before import = 0Number of asset objects unloaded after import = 10

========================================================================
Received Import Request.
  Time since last request: 0.000030 seconds.
  path: Assets/Palmov Island/Low Poly Houses Free Pack/Prefabs/Houses/city hall.prefab
  artifactKey: Guid(1f78462b7ad62fa4f908eb83bc912b62) Importer(815301076,1909f56bfc062723c751e8b465ee728b)
Start importing Assets/Palmov Island/Low Poly Houses Free Pack/Prefabs/Houses/city hall.prefab using Guid(1f78462b7ad62fa4f908eb83bc912b62) Importer(815301076,1909f56bfc062723c751e8b465ee728b) (PreviewImporter) -> (artifact id: 'a453500f18d064198ee365805cf489b7') in 0.0170788 seconds
Number of updated asset objects reloaded before import = 0Number of asset objects unloaded after import = 10

========================================================================
Received Import Request.
  Time since last request: 0.000031 seconds.
  path: Assets/Palmov Island/Low Poly Houses Free Pack/Prefabs/Houses/post office.prefab
  artifactKey: Guid(b1dff7cbaa455494cb5ece6f8dddcc64) Importer(815301076,1909f56bfc062723c751e8b465ee728b)
Start importing Assets/Palmov Island/Low Poly Houses Free Pack/Prefabs/Houses/post office.prefab using Guid(b1dff7cbaa455494cb5ece6f8dddcc64) Importer(815301076,1909f56bfc062723c751e8b465ee728b) (PreviewImporter) -> (artifact id: 'a0f30fbaf96281425927eeb509edb530') in 0.0156328 seconds
Number of updated asset objects reloaded before import = 0Number of asset objects unloaded after import = 9

========================================================================
Received Import Request.
  Time since last request: 0.000021 seconds.
  path: Assets/Palmov Island/Low Poly Houses Free Pack/Prefabs/Houses/cute house.prefab
  artifactKey: Guid(f39f51f88a154a444a3db50d1696c6e0) Importer(815301076,1909f56bfc062723c751e8b465ee728b)
Start importing Assets/Palmov Island/Low Poly Houses Free Pack/Prefabs/Houses/cute house.prefab using Guid(f39f51f88a154a444a3db50d1696c6e0) Importer(815301076,1909f56bfc062723c751e8b465ee728b) (PreviewImporter) -> (artifact id: '1d29348ede7ba828a53c4ba82ef13ac8') in 0.0158797 seconds
Number of updated asset objects reloaded before import = 0Number of asset objects unloaded after import = 10

========================================================================
Received Import Request.
  Time since last request: 12.383206 seconds.
  path: Assets/Palmov Island/Low Poly Houses Free Pack/Prefabs/Houses/brewery house.prefab
  artifactKey: Guid(b252a8cf039a238438d3204e5e63307b) Importer(815301076,1909f56bfc062723c751e8b465ee728b)
Start importing Assets/Palmov Island/Low Poly Houses Free Pack/Prefabs/Houses/brewery house.prefab using Guid(b252a8cf039a238438d3204e5e63307b) Importer(815301076,1909f56bfc062723c751e8b465ee728b) (PreviewImporter) -> (artifact id: 'a3943467eeb9b8b24cab9b3102cd8b44') in 0.0199932 seconds
Number of updated asset objects reloaded before import = 0Number of asset objects unloaded after import = 10

========================================================================
Received Import Request.
  Time since last request: 0.000021 seconds.
  path: Assets/Palmov Island/Low Poly Houses Free Pack/Prefabs/Houses/pizzeria house.prefab
  artifactKey: Guid(479bbffbbcfc0da4fa61e237875fb540) Importer(815301076,1909f56bfc062723c751e8b465ee728b)
Start importing Assets/Palmov Island/Low Poly Houses Free Pack/Prefabs/Houses/pizzeria house.prefab using Guid(479bbffbbcfc0da4fa61e237875fb540) Importer(815301076,1909f56bfc062723c751e8b465ee728b) (PreviewImporter) -> (artifact id: '0d0f707d82c29f0a6ae2e6f02318d122') in 0.0265526 seconds
Number of updated asset objects reloaded before import = 0Number of asset objects unloaded after import = 10

========================================================================
Received Import Request.
  Time since last request: 0.000028 seconds.
  path: Assets/Palmov Island/Low Poly Houses Free Pack/Prefabs/Houses/cute house.prefab
  artifactKey: Guid(f39f51f88a154a444a3db50d1696c6e0) Importer(815301076,1909f56bfc062723c751e8b465ee728b)
Start importing Assets/Palmov Island/Low Poly Houses Free Pack/Prefabs/Houses/cute house.prefab using Guid(f39f51f88a154a444a3db50d1696c6e0) Importer(815301076,1909f56bfc062723c751e8b465ee728b) (PreviewImporter) -> (artifact id: '4e1cedd68a2d3f4d47cb4796c222a019') in 0.0252888 seconds
Number of updated asset objects reloaded before import = 0Number of asset objects unloaded after import = 10

Editor requested this worker to shutdown with reason: Scaling down because of idle timeout
AssetImportWorker is now disconnected from the server
Process exiting
Exiting without the bug reporter. Application will terminate with return code 0